error:
       … while calling the 'derivationStrict' builtin
         at «nix-internal»/derivation-internal.nix:37:12:
           36|
           37|   strict = derivationStrict drvAttrs;
             |            ^
           38|

       … while evaluating derivation 'home-manager-generation'
         whose name attribute is located at «github:nixos/nixpkgs/ec942ba042dad5ef097e2ef3a3effc034241f011?narHash=sha256-R5nauXyqyfRUFiZycFFZdkF7wl6eaUpPLst35%2B2nJQY%3D»/pkgs/stdenv/generic/make-derivation.nix:647:11

       … while evaluating attribute 'buildCommand' of derivation 'home-manager-generation'
         at «github:nixos/nixpkgs/ec942ba042dad5ef097e2ef3a3effc034241f011?narHash=sha256-R5nauXyqyfRUFiZycFFZdkF7wl6eaUpPLst35%2B2nJQY%3D»/pkgs/build-support/trivial-builders/default.nix:81:17:
           80|         enableParallelBuilding = true;
           81|         inherit buildCommand name;
             |                 ^
           82|         passAsFile = [ "buildCommand" ] ++ (derivationArgs.passAsFile or [ ]);

       … while evaluating the option `home.activation.installPackages.data':

       … while evaluating definitions from `/nix/store/0szr5ld9dp8208ichvpvla7m68xan7gn-source/modules/home-environment.nix':

       (stack trace truncated; use '--show-trace' to show the full, detailed trace)

       error: Refusing to evaluate package 'electron-39.8.10' in /nix/store/lff22h6g4kvy848a7z8prfb0cgmy2hgy-source/pkgs/development/tools/electron/binary/generic.nix:50 because it is marked as insecure

       Known issues:
        - Electron version 39.8.10 is EOL

       You can install it anyway by allowing this package, using the
       following methods:

       a) To temporarily allow all insecure packages, you can use an environment
          variable for a single invocation of the nix tools:

            $ export NIXPKGS_ALLOW_INSECURE=1

          Note: When using `nix shell`, `nix build`, `nix develop`, etc with a flake,
                then pass `--impure` in order to allow use of environment variables.

       b) for `nixos-rebuild` you can add ‘electron-39.8.10’ to
          `nixpkgs.config.permittedInsecurePackages` in the configuration.nix,
          like so:

            {
              nixpkgs.config.permittedInsecurePackages = [
                "electron-39.8.10"
              ];
            }

       c) For `nix-env`, `nix-build`, `nix-shell` or any other Nix command you can add
          ‘electron-39.8.10’ to `permittedInsecurePackages` in
          ~/.config/nixpkgs/config.nix, like so:

            {
              permittedInsecurePackages = [
                "electron-39.8.10"
              ];
            }
